nohup: ignoring input

> dspl-asset-pulse-frontend@1.0.0 dev
> next dev

 ⚠ Port 3000 is in use, trying 3001 instead.
  ▲ Next.js 14.2.35
  - Local:        http://localhost:3001

 ✓ Starting...
 ✓ Ready in 2.1s
 ○ Compiling / ...
 ✓ Compiled / in 2.9s (652 modules)
 GET / 200 in 3394ms
 ✓ Compiled in 451ms (293 modules)
 ○ Compiling /_not-found ...
 ✓ Compiled /_not-found in 533ms (641 modules)
 GET /.well-known/appspecific/com.chrome.devtools.json 404 in 691ms
 ✓ Compiled /login in 433ms (647 modules)
 GET /login 200 in 534ms
 GET /.well-known/appspecific/com.chrome.devtools.json 404 in 59ms
 GET / 200 in 47ms
 GET /.well-known/appspecific/com.chrome.devtools.json 404 in 157ms
 GET /login 200 in 52ms
 GET /.well-known/appspecific/com.chrome.devtools.json 404 in 80ms
 GET /login 200 in 27ms
 GET /.well-known/appspecific/com.chrome.devtools.json 404 in 65ms
 GET /login 200 in 41ms
 GET /.well-known/appspecific/com.chrome.devtools.json 404 in 50ms
 GET /login 200 in 37ms
 GET /.well-known/appspecific/com.chrome.devtools.json 404 in 118ms
 GET /login 200 in 27ms
 GET /.well-known/appspecific/com.chrome.devtools.json 404 in 50ms
 GET /login 200 in 47ms
 GET /.well-known/appspecific/com.chrome.devtools.json 404 in 50ms
 ○ Compiling /dashboard/employee ...
 ✓ Compiled /dashboard/employee in 774ms (658 modules)
 ✓ Compiled /dashboard/hr in 442ms (664 modules)
 ✓ Compiled /dashboard/admin in 456ms (667 modules)
 GET /dashboard/admin 200 in 150ms
 GET /login 200 in 29ms
 GET /dashboard/hr 200 in 46ms
 ✓ Compiled in 1997ms (667 modules)
 ⚠ Fast Refresh had to perform a full reload. Read more: https://nextjs.org/docs/messages/fast-refresh-reload
 GET /dashboard/employee 200 in 167ms
 ✓ Compiled in 937ms (669 modules)
 ⚠ Fast Refresh had to perform a full reload. Read more: https://nextjs.org/docs/messages/fast-refresh-reload
 GET /dashboard/employee 200 in 103ms
 ✓ Compiled in 574ms (669 modules)
 ⚠ Fast Refresh had to perform a full reload. Read more: https://nextjs.org/docs/messages/fast-refresh-reload
 GET /dashboard/employee 200 in 105ms
 ✓ Compiled in 1161ms (683 modules)
 ✓ Compiled in 422ms (685 modules)
 ✓ Compiled in 306ms (685 modules)
 ✓ Compiled in 464ms (685 modules)
 ✓ Compiled in 452ms (685 modules)
 ✓ Compiled in 311ms (685 modules)
 GET /dashboard/employee 200 in 124ms
 GET /login 200 in 28ms
 ✓ Compiled in 876ms (671 modules)
 ✓ Compiled in 229ms (671 modules)
 ✓ Compiled in 438ms (671 modules)
 ✓ Compiled in 664ms (685 modules)
 ✓ Compiled in 365ms (685 modules)
 ✓ Compiled in 404ms (685 modules)
 ○ Compiling /_not-found ...
 ✓ Compiled /_not-found in 966ms (674 modules)
 GET /login 404 in 1146ms
 ✓ Compiled / in 255ms (383 modules)
 GET / 200 in 391ms
 GET /login 200 in 48ms
[?25h
globals.css.webpack[javascript/auto]!=!./node_modules/next/dist/build/webpack/loaders/css-loader/src/index.js??ruleSet[1].rules[14].oneOf[12].use[2]!./node_modules/next/dist/build/webpack/loaders/postcss-loader/src/index.js??ruleSet[1].rules[14].oneOf[12].use[3]!./src/app/globals.css
ReferenceError: module is not defined in ES module scope
Import trace for requested module:
./src/app/globals.css.webpack[javascript/auto]!=!./node_modules/next/dist/build/webpack/loaders/css-loader/src/index.js??ruleSet[1].rules[14].oneOf[12].use[2]!./node_modules/next/dist/build/webpack/loaders/postcss-loader/src/index.js??ruleSet[1].rules[14].oneOf[12].use[3]!./src/app/globals.css
./src/app/globals.css
 ⨯ ./src/app/globals.css.webpack[javascript/auto]!=!./node_modules/next/dist/build/webpack/loaders/css-loader/src/index.js??ruleSet[1].rules[14].oneOf[12].use[2]!./node_modules/next/dist/build/webpack/loaders/postcss-loader/src/index.js??ruleSet[1].rules[14].oneOf[12].use[3]!./src/app/globals.css
ReferenceError: module is not defined in ES module scope
Import trace for requested module:
./src/app/globals.css.webpack[javascript/auto]!=!./node_modules/next/dist/build/webpack/loaders/css-loader/src/index.js??ruleSet[1].rules[14].oneOf[12].use[2]!./node_modules/next/dist/build/webpack/loaders/postcss-loader/src/index.js??ruleSet[1].rules[14].oneOf[12].use[3]!./src/app/globals.css
./src/app/globals.css
 ⨯ ./src/app/globals.css.webpack[javascript/auto]!=!./node_modules/next/dist/build/webpack/loaders/css-loader/src/index.js??ruleSet[1].rules[14].oneOf[12].use[2]!./node_modules/next/dist/build/webpack/loaders/postcss-loader/src/index.js??ruleSet[1].rules[14].oneOf[12].use[3]!./src/app/globals.css
ReferenceError: module is not defined in ES module scope
Import trace for requested module:
./src/app/globals.css.webpack[javascript/auto]!=!./node_modules/next/dist/build/webpack/loaders/css-loader/src/index.js??ruleSet[1].rules[14].oneOf[12].use[2]!./node_modules/next/dist/build/webpack/loaders/postcss-loader/src/index.js??ruleSet[1].rules[14].oneOf[12].use[3]!./src/app/globals.css
./src/app/globals.css
 ⨯ ./src/app/globals.css.webpack[javascript/auto]!=!./node_modules/next/dist/build/webpack/loaders/css-loader/src/index.js??ruleSet[1].rules[14].oneOf[12].use[2]!./node_modules/next/dist/build/webpack/loaders/postcss-loader/src/index.js??ruleSet[1].rules[14].oneOf[12].use[3]!./src/app/globals.css
ReferenceError: module is not defined in ES module scope
Import trace for requested module:
./src/app/globals.css.webpack[javascript/auto]!=!./node_modules/next/dist/build/webpack/loaders/css-loader/src/index.js??ruleSet[1].rules[14].oneOf[12].use[2]!./node_modules/next/dist/build/webpack/loaders/postcss-loader/src/index.js??ruleSet[1].rules[14].oneOf[12].use[3]!./src/app/globals.css
./src/app/globals.css
 ⨯ ./src/app/globals.css.webpack[javascript/auto]!=!./node_modules/next/dist/build/webpack/loaders/css-loader/src/index.js??ruleSet[1].rules[14].oneOf[12].use[2]!./node_modules/next/dist/build/webpack/loaders/postcss-loader/src/index.js??ruleSet[1].rules[14].oneOf[12].use[3]!./src/app/globals.css
ReferenceError: module is not defined in ES module scope
Import trace for requested module:
./src/app/globals.css.webpack[javascript/auto]!=!./node_modules/next/dist/build/webpack/loaders/css-loader/src/index.js??ruleSet[1].rules[14].oneOf[12].use[2]!./node_modules/next/dist/build/webpack/loaders/postcss-loader/src/index.js??ruleSet[1].rules[14].oneOf[12].use[3]!./src/app/globals.css
./src/app/globals.css
 ✓ Compiled / in 551ms (401 modules)
 GET / 500 in 667ms
 ○ Compiling /_not-found ...
 ⨯ ./src/app/globals.css.webpack[javascript/auto]!=!./node_modules/next/dist/build/webpack/loaders/css-loader/src/index.js??ruleSet[1].rules[14].oneOf[12].use[2]!./node_modules/next/dist/build/webpack/loaders/postcss-loader/src/index.js??ruleSet[1].rules[14].oneOf[12].use[3]!./src/app/globals.css
ReferenceError: module is not defined in ES module scope
Import trace for requested module:
./src/app/globals.css.webpack[javascript/auto]!=!./node_modules/next/dist/build/webpack/loaders/css-loader/src/index.js??ruleSet[1].rules[14].oneOf[12].use[2]!./node_modules/next/dist/build/webpack/loaders/postcss-loader/src/index.js??ruleSet[1].rules[14].oneOf[12].use[3]!./src/app/globals.css
./src/app/globals.css
 GET /_next/static/chunks/fallback/webpack.js 500 in 841ms
 GET /_next/static/chunks/fallback/main.js 500 in 823ms
 GET /_next/static/chunks/fallback/react-refresh.js 500 in 822ms
 GET /_next/static/chunks/fallback/pages/_app.js 500 in 822ms
 GET /_next/static/chunks/fallback/pages/_error.js 500 in 820ms
[?25h
